c:\users\garana\desktop\dragonapocalypse - copia - copia - copia\jokoa\debug\vc141.pdb
c:\users\garana\desktop\dragonapocalypse - copia - copia - copia\jokoa\debug\vc141.idb
c:\users\garana\desktop\dragonapocalypse - copia - copia - copia\jokoa\debug\tiroak.obj
c:\users\garana\desktop\dragonapocalypse - copia - copia - copia\jokoa\debug\pantailak.obj
c:\users\garana\desktop\dragonapocalypse - copia - copia - copia\jokoa\debug\main.obj
c:\users\garana\desktop\dragonapocalypse - copia - copia - copia\jokoa\debug\etsaiak.obj
c:\users\garana\desktop\dragonapocalypse - copia - copia - copia\jokoa\debug\text.obj
c:\users\garana\desktop\dragonapocalypse - copia - copia - copia\jokoa\debug\soinua.obj
c:\users\garana\desktop\dragonapocalypse - copia - copia - copia\jokoa\debug\imagen.obj
c:\users\garana\desktop\dragonapocalypse - copia - copia - copia\jokoa\debug\graphics.obj
c:\users\garana\desktop\dragonapocalypse - copia - copia - copia\jokoa\debug\ebentoak.obj
c:\users\garana\desktop\dragonapocalypse - copia - copia - copia\jokoa\debug\mapa_botoiak.obj
c:\users\garana\desktop\dragonapocalypse - copia - copia - copia - copia\jokoa\debug\vc141.pdb
c:\users\garana\desktop\dragonapocalypse - copia - copia - copia - copia\jokoa\debug\vc141.idb
c:\users\garana\desktop\dragonapocalypse - copia - copia - copia - copia\jokoa\debug\tiroak.obj
c:\users\garana\desktop\dragonapocalypse - copia - copia - copia - copia\jokoa\debug\pantailak.obj
c:\users\garana\desktop\dragonapocalypse - copia - copia - copia - copia\jokoa\debug\mapa_botoiak.obj
c:\users\garana\desktop\dragonapocalypse - copia - copia - copia - copia\jokoa\debug\main.obj
c:\users\garana\desktop\dragonapocalypse - copia - copia - copia - copia\jokoa\debug\etsaiak.obj
c:\users\garana\desktop\dragonapocalypse - copia - copia - copia - copia\jokoa\debug\text.obj
c:\users\garana\desktop\dragonapocalypse - copia - copia - copia - copia\jokoa\debug\soinua.obj
c:\users\garana\desktop\dragonapocalypse - copia - copia - copia - copia\jokoa\debug\imagen.obj
c:\users\garana\desktop\dragonapocalypse - copia - copia - copia - copia\jokoa\debug\graphics.obj
c:\users\garana\desktop\dragonapocalypse - copia - copia - copia - copia\jokoa\debug\ebentoak.obj
c:\users\garana\desktop\dragonapocalypse - copia - copia - copia\debug\jokoa.exe
c:\users\garana\desktop\dragonapocalypse - copia - copia - copia\debug\jokoa.ilk
c:\users\garana\desktop\dragonapocalypse - copia - copia - copia\debug\jokoa.pdb
c:\users\garana\desktop\dragonapocalypse - copia - copia - copia - copia\debug\jokoa.exe
c:\users\garana\desktop\dragonapocalypse - copia - copia - copia - copia\debug\jokoa.ilk
c:\users\garana\desktop\dragonapocalypse - copia - copia - copia - copia\debug\jokoa.pdb
c:\users\garana\desktop\dragonapocalypse - copia - copia - copia - copia\jokoa\debug\mago.obj
c:\users\garana\desktop\dragonapocalypse - copia - copia - copia - copia\jokoa\debug\etsaiak.obj.enc
c:\users\garana\desktop\dragonapocalypse - copia - copia - copia - copia\jokoa\debug\jokoa.tlog\cl.command.1.tlog
c:\users\garana\desktop\dragonapocalypse - copia - copia - copia - copia\jokoa\debug\jokoa.tlog\cl.read.1.tlog
c:\users\garana\desktop\dragonapocalypse - copia - copia - copia - copia\jokoa\debug\jokoa.tlog\cl.write.1.tlog
c:\users\garana\desktop\dragonapocalypse - copia - copia - copia - copia\jokoa\debug\jokoa.tlog\link.command.1.tlog
c:\users\garana\desktop\dragonapocalypse - copia - copia - copia - copia\jokoa\debug\jokoa.tlog\link.read.1.tlog
c:\users\garana\desktop\dragonapocalypse - copia - copia - copia - copia\jokoa\debug\jokoa.tlog\link.write.1.tlog
